<?xml version="1.0" encoding="UTF-8"?>
<testsuite name="Academy Choucair" tests="1" skipped="0" failures="0" errors="0" timestamp="2021-03-19T21:00:09" hostname="DESKTOP-HBJ0OKG" time="30.035">
  <properties/>
  <testcase name="search for a automation course" classname="Academy Choucair" time="30.035"/>
  <system-out><![CDATA[]]></system-out>
  <system-err><![CDATA[[Test worker] WARN net.thucydides.core.steps.BaseStepListener - stepStarted: net.thucydides.core.steps.ExecutedStepDescription@3b784be1
[Test worker] WARN net.thucydides.core.steps.BaseStepListener - stepStarted: net.thucydides.core.steps.ExecutedStepDescription@7aaba6a3
[Test worker] WARN net.thucydides.core.steps.BaseStepListener - stepStarted: net.thucydides.core.steps.ExecutedStepDescription@727020ce
mar. 19, 2021 4:00:10 P. M. org.openqa.selenium.remote.DesiredCapabilities chrome
INFO: Using `new ChromeOptions()` is preferred to `DesiredCapabilities.chrome()`
[Test worker] INFO net.serenitybdd.core.webdriver.driverproviders.ProvideNewDriver - Instantiating driver
[Test worker] INFO net.serenitybdd.core.webdriver.driverproviders.ProvideNewDriver - Driver capabilities: Capabilities {acceptInsecureCerts: false, browserName: chrome, chrome.switches: --start-maximized, goog:chromeOptions: {args: [--start-maximized], extensions: []}, loggingPrefs: org.openqa.selenium.logging..., platform: ANY, version: }
Starting ChromeDriver 89.0.4389.23 (61b08ee2c50024bab004e48d2b1b083cdbdac579-refs/branch-heads/4389@{#294}) on port 38495
Only local connections are allowed.
Please see https://chromedriver.chromium.org/security-considerations for suggestions on keeping ChromeDriver safe.
ChromeDriver was started successfully.
mar. 19, 2021 4:00:14 P. M. org.openqa.selenium.remote.ProtocolHandshake createSession
INFO: Detected dialect: W3C
[Test worker] WARN net.thucydides.core.steps.BaseStepListener - stepFinished: current outcome:search for a automation course:Given than brandon wants to learn automation at the academy Chocair
| userName | password |
| 1067891990 | Choucair2021* | [Bramdon open up [Bramdon opens the Choucair academy page]]
[Test worker] WARN net.thucydides.core.steps.BaseStepListener - stepFinished: current outcome:search for a automation course:Given than brandon wants to learn automation at the academy Chocair
| userName | password |
| 1067891990 | Choucair2021* | [Bramdon open up [Bramdon opens the Choucair academy page]]
[Test worker] WARN net.thucydides.core.steps.BaseStepListener - stepStarted: net.thucydides.core.steps.ExecutedStepDescription@29819490
[Test worker] WARN net.thucydides.core.steps.BaseStepListener - stepStarted: net.thucydides.core.steps.ExecutedStepDescription@3dce15e5
[Test worker] WARN net.thucydides.core.steps.BaseStepListener - stepFinished: current outcome:search for a automation course:Given than brandon wants to learn automation at the academy Chocair
| userName | password |
| 1067891990 | Choucair2021* | [Bramdon open up [Bramdon opens the Choucair academy page], Bramdon login [Bramdon clicks on button that shows us the form to login]]
[Test worker] WARN net.thucydides.core.steps.BaseStepListener - stepStarted: net.thucydides.core.steps.ExecutedStepDescription@76e724c9
[Test worker] WARN net.thucydides.core.steps.BaseStepListener - stepFinished: current outcome:search for a automation course:Given than brandon wants to learn automation at the academy Chocair
| userName | password |
| 1067891990 | Choucair2021* | [Bramdon open up [Bramdon opens the Choucair academy page], Bramdon login [Bramdon clicks on button that shows us the form to login, Bramdon enters '1067891990' into where do we write the user]]
[Test worker] WARN net.thucydides.core.steps.BaseStepListener - stepStarted: net.thucydides.core.steps.ExecutedStepDescription@7d8e56d7
[Test worker] WARN net.thucydides.core.steps.BaseStepListener - stepFinished: current outcome:search for a automation course:Given than brandon wants to learn automation at the academy Chocair
| userName | password |
| 1067891990 | Choucair2021* | [Bramdon open up [Bramdon opens the Choucair academy page], Bramdon login [Bramdon clicks on button that shows us the form to login, Bramdon enters '1067891990' into where do we write the user, Bramdon enters 'Choucair2021*' into where do we write the password]]
[Test worker] WARN net.thucydides.core.steps.BaseStepListener - stepStarted: net.thucydides.core.steps.ExecutedStepDescription@36f4045c
[Test worker] WARN net.thucydides.core.steps.BaseStepListener - stepFinished: current outcome:search for a automation course:Given than brandon wants to learn automation at the academy Chocair
| userName | password |
| 1067891990 | Choucair2021* | [Bramdon open up [Bramdon opens the Choucair academy page], Bramdon login [Bramdon clicks on button that shows us the form to login, Bramdon enters '1067891990' into where do we write the user, Bramdon enters 'Choucair2021*' into where do we write the password, Bramdon clicks on button to confirm login]]
[Test worker] WARN net.thucydides.core.steps.BaseStepListener - stepFinished: current outcome:search for a automation course:Given than brandon wants to learn automation at the academy Chocair
| userName | password |
| 1067891990 | Choucair2021* | [Bramdon open up [Bramdon opens the Choucair academy page], Bramdon login [Bramdon clicks on button that shows us the form to login, Bramdon enters '1067891990' into where do we write the user, Bramdon enters 'Choucair2021*' into where do we write the password, Bramdon clicks on button to confirm login]]
[Test worker] WARN net.thucydides.core.steps.BaseStepListener - stepFinished: current outcome:search for a automation course:Given than brandon wants to learn automation at the academy Chocair
| userName | password |
| 1067891990 | Choucair2021* | [Bramdon open up [Bramdon opens the Choucair academy page], Bramdon login [Bramdon clicks on button that shows us the form to login, Bramdon enters '1067891990' into where do we write the user, Bramdon enters 'Choucair2021*' into where do we write the password, Bramdon clicks on button to confirm login]]
[Test worker] WARN net.thucydides.core.steps.BaseStepListener - stepStarted: net.thucydides.core.steps.ExecutedStepDescription@6f7875f
[Test worker] WARN net.thucydides.core.steps.BaseStepListener - stepStarted: net.thucydides.core.steps.ExecutedStepDescription@2fb9b3a4
[Test worker] WARN net.thucydides.core.steps.BaseStepListener - stepStarted: net.thucydides.core.steps.ExecutedStepDescription@c0e1af0
[Test worker] WARN net.thucydides.core.steps.BaseStepListener - stepFinished: current outcome:search for a automation course:Given than brandon wants to learn automation at the academy Chocair
| userName | password |
| 1067891990 | Choucair2021* | [Bramdon open up [Bramdon opens the Choucair academy page], Bramdon login [Bramdon clicks on button that shows us the form to login, Bramdon enters '1067891990' into where do we write the user, Bramdon enters 'Choucair2021*' into where do we write the password, Bramdon clicks on button to confirm login]], When he search for the course ISTQB Agile Tester Extension on the choucair academy platform
| nameCourse |
| ISTQB Agile Tester Extension | [Bramdon search [Bramdon clicks on selecciona Cursos y certificaciones]]
[Test worker] WARN net.thucydides.core.steps.BaseStepListener - stepStarted: net.thucydides.core.steps.ExecutedStepDescription@5bc738bb
[Test worker] WARN net.thucydides.core.steps.BaseStepListener - stepFinished: current outcome:search for a automation course:Given than brandon wants to learn automation at the academy Chocair
| userName | password |
| 1067891990 | Choucair2021* | [Bramdon open up [Bramdon opens the Choucair academy page], Bramdon login [Bramdon clicks on button that shows us the form to login, Bramdon enters '1067891990' into where do we write the user, Bramdon enters 'Choucair2021*' into where do we write the password, Bramdon clicks on button to confirm login]], When he search for the course ISTQB Agile Tester Extension on the choucair academy platform
| nameCourse |
| ISTQB Agile Tester Extension | [Bramdon search [Bramdon clicks on selecciona Cursos y certificaciones, Bramdon enters 'ISTQB Agile Tester Extension' into buscaR el curso]]
[Test worker] WARN net.thucydides.core.steps.BaseStepListener - stepStarted: net.thucydides.core.steps.ExecutedStepDescription@be03e0b
[Test worker] WARN net.thucydides.core.steps.BaseStepListener - stepFinished: current outcome:search for a automation course:Given than brandon wants to learn automation at the academy Chocair
| userName | password |
| 1067891990 | Choucair2021* | [Bramdon open up [Bramdon opens the Choucair academy page], Bramdon login [Bramdon clicks on button that shows us the form to login, Bramdon enters '1067891990' into where do we write the user, Bramdon enters 'Choucair2021*' into where do we write the password, Bramdon clicks on button to confirm login]], When he search for the course ISTQB Agile Tester Extension on the choucair academy platform
| nameCourse |
| ISTQB Agile Tester Extension | [Bramdon search [Bramdon clicks on selecciona Cursos y certificaciones, Bramdon enters 'ISTQB Agile Tester Extension' into buscaR el curso, Bramdon clicks on Da click para buscar el curso]]
[Test worker] WARN net.thucydides.core.steps.BaseStepListener - stepStarted: net.thucydides.core.steps.ExecutedStepDescription@6c8c84ea
[Test worker] WARN net.thucydides.core.steps.BaseStepListener - stepFinished: current outcome:search for a automation course:Given than brandon wants to learn automation at the academy Chocair
| userName | password |
| 1067891990 | Choucair2021* | [Bramdon open up [Bramdon opens the Choucair academy page], Bramdon login [Bramdon clicks on button that shows us the form to login, Bramdon enters '1067891990' into where do we write the user, Bramdon enters 'Choucair2021*' into where do we write the password, Bramdon clicks on button to confirm login]], When he search for the course ISTQB Agile Tester Extension on the choucair academy platform
| nameCourse |
| ISTQB Agile Tester Extension | [Bramdon search [Bramdon clicks on selecciona Cursos y certificaciones, Bramdon enters 'ISTQB Agile Tester Extension' into buscaR el curso, Bramdon clicks on Da click para buscar el curso, Bramdon clicks on Da click para buscar el curso]]
[Test worker] WARN net.thucydides.core.steps.BaseStepListener - stepFinished: current outcome:search for a automation course:Given than brandon wants to learn automation at the academy Chocair
| userName | password |
| 1067891990 | Choucair2021* | [Bramdon open up [Bramdon opens the Choucair academy page], Bramdon login [Bramdon clicks on button that shows us the form to login, Bramdon enters '1067891990' into where do we write the user, Bramdon enters 'Choucair2021*' into where do we write the password, Bramdon clicks on button to confirm login]], When he search for the course ISTQB Agile Tester Extension on the choucair academy platform
| nameCourse |
| ISTQB Agile Tester Extension | [Bramdon search [Bramdon clicks on selecciona Cursos y certificaciones, Bramdon enters 'ISTQB Agile Tester Extension' into buscaR el curso, Bramdon clicks on Da click para buscar el curso, Bramdon clicks on Da click para buscar el curso]]
[Test worker] WARN net.thucydides.core.steps.BaseStepListener - stepFinished: current outcome:search for a automation course:Given than brandon wants to learn automation at the academy Chocair
| userName | password |
| 1067891990 | Choucair2021* | [Bramdon open up [Bramdon opens the Choucair academy page], Bramdon login [Bramdon clicks on button that shows us the form to login, Bramdon enters '1067891990' into where do we write the user, Bramdon enters 'Choucair2021*' into where do we write the password, Bramdon clicks on button to confirm login]], When he search for the course ISTQB Agile Tester Extension on the choucair academy platform
| nameCourse |
| ISTQB Agile Tester Extension | [Bramdon search [Bramdon clicks on selecciona Cursos y certificaciones, Bramdon enters 'ISTQB Agile Tester Extension' into buscaR el curso, Bramdon clicks on Da click para buscar el curso, Bramdon clicks on Da click para buscar el curso]]
[Test worker] WARN net.thucydides.core.steps.BaseStepListener - stepStarted: net.thucydides.core.steps.ExecutedStepDescription@731dd562
[Test worker] WARN net.thucydides.core.steps.BaseStepListener - stepStarted: net.thucydides.core.steps.ExecutedStepDescription@6d6516bc
[Test worker] WARN net.thucydides.core.steps.BaseStepListener - stepFinished: current outcome:search for a automation course:Given than brandon wants to learn automation at the academy Chocair
| userName | password |
| 1067891990 | Choucair2021* | [Bramdon open up [Bramdon opens the Choucair academy page], Bramdon login [Bramdon clicks on button that shows us the form to login, Bramdon enters '1067891990' into where do we write the user, Bramdon enters 'Choucair2021*' into where do we write the password, Bramdon clicks on button to confirm login]], When he search for the course ISTQB Agile Tester Extension on the choucair academy platform
| nameCourse |
| ISTQB Agile Tester Extension | [Bramdon search [Bramdon clicks on selecciona Cursos y certificaciones, Bramdon enters 'ISTQB Agile Tester Extension' into buscaR el curso, Bramdon clicks on Da click para buscar el curso, Bramdon clicks on Da click para buscar el curso]], Then he finds the course called resources ISTQB Agile Tester Extension [Then answer]
[Test worker] WARN net.thucydides.core.steps.BaseStepListener - stepFinished: current outcome:search for a automation course:Given than brandon wants to learn automation at the academy Chocair
| userName | password |
| 1067891990 | Choucair2021* | [Bramdon open up [Bramdon opens the Choucair academy page], Bramdon login [Bramdon clicks on button that shows us the form to login, Bramdon enters '1067891990' into where do we write the user, Bramdon enters 'Choucair2021*' into where do we write the password, Bramdon clicks on button to confirm login]], When he search for the course ISTQB Agile Tester Extension on the choucair academy platform
| nameCourse |
| ISTQB Agile Tester Extension | [Bramdon search [Bramdon clicks on selecciona Cursos y certificaciones, Bramdon enters 'ISTQB Agile Tester Extension' into buscaR el curso, Bramdon clicks on Da click para buscar el curso, Bramdon clicks on Da click para buscar el curso]], Then he finds the course called resources ISTQB Agile Tester Extension [Then answer]
[Test worker] WARN net.thucydides.core.steps.BaseStepListener - testFinished: search for a automation course:Given than brandon wants to learn automation at the academy Chocair
| userName | password |
| 1067891990 | Choucair2021* | [Bramdon open up [Bramdon opens the Choucair academy page], Bramdon login [Bramdon clicks on button that shows us the form to login, Bramdon enters '1067891990' into where do we write the user, Bramdon enters 'Choucair2021*' into where do we write the password, Bramdon clicks on button to confirm login]], When he search for the course ISTQB Agile Tester Extension on the choucair academy platform
| nameCourse |
| ISTQB Agile Tester Extension | [Bramdon search [Bramdon clicks on selecciona Cursos y certificaciones, Bramdon enters 'ISTQB Agile Tester Extension' into buscaR el curso, Bramdon clicks on Da click para buscar el curso, Bramdon clicks on Da click para buscar el curso]], Then he finds the course called resources ISTQB Agile Tester Extension [Then answer]
[Test worker] WARN net.thucydides.core.steps.BaseStepListener - TestOutcomes: [search for a automation course:Given than brandon wants to learn automation at the academy Chocair
| userName | password |
| 1067891990 | Choucair2021* | [Bramdon open up [Bramdon opens the Choucair academy page], Bramdon login [Bramdon clicks on button that shows us the form to login, Bramdon enters '1067891990' into where do we write the user, Bramdon enters 'Choucair2021*' into where do we write the password, Bramdon clicks on button to confirm login]], When he search for the course ISTQB Agile Tester Extension on the choucair academy platform
| nameCourse |
| ISTQB Agile Tester Extension | [Bramdon search [Bramdon clicks on selecciona Cursos y certificaciones, Bramdon enters 'ISTQB Agile Tester Extension' into buscaR el curso, Bramdon clicks on Da click para buscar el curso, Bramdon clicks on Da click para buscar el curso]], Then he finds the course called resources ISTQB Agile Tester Extension [Then answer]]
[Test worker] WARN net.thucydides.core.steps.BaseStepListener - Final testOutcomes: [search for a automation course:Given than brandon wants to learn automation at the academy Chocair
| userName | password |
| 1067891990 | Choucair2021* | [Bramdon open up [Bramdon opens the Choucair academy page], Bramdon login [Bramdon clicks on button that shows us the form to login, Bramdon enters '1067891990' into where do we write the user, Bramdon enters 'Choucair2021*' into where do we write the password, Bramdon clicks on button to confirm login]], When he search for the course ISTQB Agile Tester Extension on the choucair academy platform
| nameCourse |
| ISTQB Agile Tester Extension | [Bramdon search [Bramdon clicks on selecciona Cursos y certificaciones, Bramdon enters 'ISTQB Agile Tester Extension' into buscaR el curso, Bramdon clicks on Da click para buscar el curso, Bramdon clicks on Da click para buscar el curso]], Then he finds the course called resources ISTQB Agile Tester Extension [Then answer]]
[Test worker] INFO net.thucydides.core.steps.ConsoleLoggingListener - 
        __    _____ _____ ____ _____   ____   _    ____  ____  _____ ____  
  _     \ \  |_   _| ____/ ___|_   _| |  _ \ / \  / ___|/ ___|| ____|  _ \ 
 (_)_____| |   | | |  _| \___ \ | |   | |_) / _ \ \___ \\___ \|  _| | | | |
  _|_____| |   | | | |___ ___) || |   |  __/ ___ \ ___) |___) | |___| |_| |
 (_)     | |   |_| |_____|____/ |_|   |_| /_/   \_\____/|____/|_____|____/ 
        /_/                                                                

TEST PASSED: search for a automation course
----------------------------------------------------------------------------
]]></system-err>
</testsuite>
